/*C11*/SET SCHEMA PUBLIC
INSERT INTO DOCUMENT_TABLE VALUES(24,FALSE,NULL,'2017-04-18 07:18:46.216000','/user/document',0,'ScreenCap Doc','document')
COMMIT
DELETE FROM DOCUMENT_TABLE WHERE ID=24
INSERT INTO DOCUMENT_TABLE VALUES(24,FALSE,'demoAuthor','2017-04-18 07:18:46.216000','files/demoAuthor/24',0,'ScreenCap Doc','document')
COMMIT
DELETE FROM DOCUMENT_TABLE WHERE ID=24
INSERT INTO DOCUMENT_TABLE VALUES(24,TRUE,'demoAuthor','2017-04-18 07:18:46.216000','files/demoAuthor/24',0,'ScreenCap Doc','document')
COMMIT
DELETE FROM DOCUMENT_TABLE WHERE ID=24
INSERT INTO DOCUMENT_TABLE VALUES(24,FALSE,'demoAuthor','2017-04-18 07:18:46.216000','files/demoAuthor/24',1,'ScreenCap Doc','document')
COMMIT
DELETE FROM DOCUMENT_TABLE WHERE ID=24
INSERT INTO DOCUMENT_TABLE VALUES(24,TRUE,'demoAuthor','2017-04-18 07:18:46.216000','files/demoAuthor/24',1,'ScreenCap Doc','document')
COMMIT
INSERT INTO SHARE_TABLE VALUES(17,25,26,24,1,'share')
COMMIT
DELETE FROM USER WHERE ID=26
INSERT INTO USER VALUES(26,'Bob','$2a$10$P5HantRqSbdsP1QNT1lzXevsbsOrILksgJz83xlH26owxOQ.ru.9C','ROLE_DISTRIBUTEE','Demo','demoDistrib','user',TRUE)
COMMIT
INSERT INTO SHARE_TABLE VALUES(18,25,17,24,1,'share')
COMMIT
DELETE FROM USER WHERE ID=17
INSERT INTO USER VALUES(17,'Dean','$2a$10$nIaoT68afppWae4weMnDbue00GAMZmOQnkS2ifg8CNFqqf7CN3jhy','ROLE_AUTHOR','McDonald','deanAuthor','user',TRUE)
COMMIT
/*C9*/SET SCHEMA PUBLIC
DELETE FROM USER WHERE ID=26
INSERT INTO USER VALUES(26,'Bob','$2a$10$P5HantRqSbdsP1QNT1lzXevsbsOrILksgJz83xlH26owxOQ.ru.9C','ROLE_DISTRIBUTEE','Demo','demoDistrib','user',FALSE)
COMMIT
/*C7*/SET SCHEMA PUBLIC
DELETE FROM USER WHERE ID=10
INSERT INTO USER VALUES(10,'Lewis','','ROLE_ADMIN','Mcduncanson','lewisAdmin','user',FALSE)
COMMIT
INSERT INTO USER VALUES(27,'another','$2a$10$rxtueOpW1D8deQQbjjL5hezN37psYNGwrHrSrozLXGmq3CgWaY3j.','ROLE_AUTHOR','Author','anotherAuthor','user',FALSE)
COMMIT
INSERT INTO USER VALUES(28,'another','$2a$10$JZSgRWM9Sy8vkXpDLQJVW.8wZBudT6i1mJrx9YBhnYjMJ1ZdkTAEu','ROLE_DISTRIBUTEE','Distrib','anotherDistrib','user',FALSE)
COMMIT
DELETE FROM USER WHERE ID=20
COMMIT
INSERT INTO DOCUMENT_TABLE VALUES(25,FALSE,NULL,'2017-04-18 07:24:20.592000','/user/document',0,'Distributed Denial','document')
COMMIT
DELETE FROM DOCUMENT_TABLE WHERE ID=25
INSERT INTO DOCUMENT_TABLE VALUES(25,FALSE,'anotherAuthor','2017-04-18 07:24:20.592000','files/anotherAuthor/25',0,'Distributed Denial','document')
COMMIT
DELETE FROM DOCUMENT_TABLE WHERE ID=25
INSERT INTO DOCUMENT_TABLE VALUES(25,TRUE,'anotherAuthor','2017-04-18 07:24:20.592000','files/anotherAuthor/25',0,'Distributed Denial','document')
COMMIT
INSERT INTO SHARE_TABLE VALUES(19,27,28,25,0,'share')
COMMIT
DELETE FROM USER WHERE ID=28
INSERT INTO USER VALUES(28,'another','$2a$10$JZSgRWM9Sy8vkXpDLQJVW.8wZBudT6i1mJrx9YBhnYjMJ1ZdkTAEu','ROLE_DISTRIBUTEE','Distrib','anotherDistrib','user',TRUE)
COMMIT
DELETE FROM USER WHERE ID=28
INSERT INTO USER VALUES(28,'another','$2a$10$JZSgRWM9Sy8vkXpDLQJVW.8wZBudT6i1mJrx9YBhnYjMJ1ZdkTAEu','ROLE_DISTRIBUTEE','Distrib','anotherDistrib','user',FALSE)
COMMIT
